  [1m[35m (4433.9ms)[0m  [1m[35mCREATE DATABASE "rails-project-mode_development" ENCODING = 'unicode'[0m
  ↳ bin/rails:9
  [1m[35m (690.9ms)[0m  [1m[35mCREATE DATABASE "rails-project-mode_test" ENCODING = 'unicode'[0m
  ↳ bin/rails:9
  [1m[35m (688.8ms)[0m  [1m[35mCREATE TABLE "schema_migrations" ("version" character varying NOT NULL PRIMARY KEY)[0m
  ↳ bin/rails:9
  [1m[35m (28.3ms)[0m  [1m[35mCREATE TABLE "ar_internal_metadata" ("key" character varying NOT NULL PRIMARY KEY, "value" character varying, "created_at" timestamp NOT NULL, "updated_at" timestamp NOT NULL)[0m
  ↳ bin/rails:9
  [1m[35m (8.3ms)[0m  [1m[34mSELECT pg_try_advisory_lock(515298641986387035)[0m
  ↳ bin/rails:9
  [1m[35m (87.5ms)[0m  [1m[34mSELECT "schema_migrations"."version" FROM "schema_migrations" ORDER BY "schema_migrations"."version" ASC[0m
  ↳ bin/rails:9
Migrating to CreateUsers (20180730195532)
  [1m[35m (4.1ms)[0m  [1m[35mBEGIN[0m
  ↳ bin/rails:9
  [1m[35m (553.6ms)[0m  [1m[35mCREATE TABLE "users" ("id" bigserial primary key, "first_name" character varying, "last_name" character varying, "username" character varying, "password_digest" character varying, "email" character varying, "birthdate" timestamp, "avatar_path" character varying, "created_at" timestamp NOT NULL, "updated_at" timestamp NOT NULL)[0m
  ↳ db/migrate/20180730195532_create_users.rb:3
  [1m[36mActiveRecord::SchemaMigration Create (230.7ms)[0m  [1m[32mINSERT INTO "schema_migrations" ("version") VALUES ($1) RETURNING "version"[0m  [["version", "20180730195532"]]
  ↳ bin/rails:9
  [1m[35m (39.9ms)[0m  [1m[35mCOMMIT[0m
  ↳ bin/rails:9
Migrating to CreateEvents (20180730195651)
  [1m[35m (0.4ms)[0m  [1m[35mBEGIN[0m
  ↳ bin/rails:9
  [1m[35m (11.2ms)[0m  [1m[35mCREATE TABLE "events" ("id" bigserial primary key, "owner_id" integer, "name" character varying, "description" character varying, "date" timestamp, "location_id" character varying, "required_rank" integer, "created_at" timestamp NOT NULL, "updated_at" timestamp NOT NULL)[0m
  ↳ db/migrate/20180730195651_create_events.rb:3
  [1m[36mActiveRecord::SchemaMigration Create (31.4ms)[0m  [1m[32mINSERT INTO "schema_migrations" ("version") VALUES ($1) RETURNING "version"[0m  [["version", "20180730195651"]]
  ↳ bin/rails:9
  [1m[35m (26.4ms)[0m  [1m[35mCOMMIT[0m
  ↳ bin/rails:9
Migrating to CreateAttendees (20180730195735)
  [1m[35m (8.8ms)[0m  [1m[35mBEGIN[0m
  ↳ bin/rails:9
  [1m[35m (9.1ms)[0m  [1m[35mCREATE TABLE "attendees" ("id" bigserial primary key, "user_id" integer, "event_id" integer, "created_at" timestamp NOT NULL, "updated_at" timestamp NOT NULL)[0m
  ↳ db/migrate/20180730195735_create_attendees.rb:3
  [1m[36mActiveRecord::SchemaMigration Create (2.5ms)[0m  [1m[32mINSERT INTO "schema_migrations" ("version") VALUES ($1) RETURNING "version"[0m  [["version", "20180730195735"]]
  ↳ bin/rails:9
  [1m[35m (1.8ms)[0m  [1m[35mCOMMIT[0m
  ↳ bin/rails:9
Migrating to CreateRanks (20180730195847)
  [1m[35m (1.9ms)[0m  [1m[35mBEGIN[0m
  ↳ bin/rails:9
  [1m[35m (5.1ms)[0m  [1m[35mCREATE TABLE "ranks" ("id" bigserial primary key, "ranker_id" integer, "rankee_id" integer, "rank" integer, "created_at" timestamp NOT NULL, "updated_at" timestamp NOT NULL)[0m
  ↳ db/migrate/20180730195847_create_ranks.rb:3
  [1m[36mActiveRecord::SchemaMigration Create (0.6ms)[0m  [1m[32mINSERT INTO "schema_migrations" ("version") VALUES ($1) RETURNING "version"[0m  [["version", "20180730195847"]]
  ↳ bin/rails:9
  [1m[35m (1.3ms)[0m  [1m[35mCOMMIT[0m
  ↳ bin/rails:9
Migrating to CreateAvailabilities (20180730200110)
  [1m[35m (2.2ms)[0m  [1m[35mBEGIN[0m
  ↳ bin/rails:9
  [1m[35m (99.6ms)[0m  [1m[35mCREATE TABLE "availabilities" ("id" bigserial primary key, "user_id" integer, "monday" character varying, "tuesday" character varying, "wednesday" character varying, "thursday" character varying, "friday" character varying, "saturday" character varying, "sunday" character varying, "created_at" timestamp NOT NULL, "updated_at" timestamp NOT NULL)[0m
  ↳ db/migrate/20180730200110_create_availabilities.rb:3
  [1m[36mActiveRecord::SchemaMigration Create (0.6ms)[0m  [1m[32mINSERT INTO "schema_migrations" ("version") VALUES ($1) RETURNING "version"[0m  [["version", "20180730200110"]]
  ↳ bin/rails:9
  [1m[35m (2.5ms)[0m  [1m[35mCOMMIT[0m
  ↳ bin/rails:9
Migrating to CreateLocations (20180730200144)
  [1m[35m (0.4ms)[0m  [1m[35mBEGIN[0m
  ↳ bin/rails:9
  [1m[35m (24.1ms)[0m  [1m[35mCREATE TABLE "locations" ("id" bigserial primary key, "name" character varying, "address" character varying, "description" character varying, "created_at" timestamp NOT NULL, "updated_at" timestamp NOT NULL)[0m
  ↳ db/migrate/20180730200144_create_locations.rb:3
  [1m[36mActiveRecord::SchemaMigration Create (0.6ms)[0m  [1m[32mINSERT INTO "schema_migrations" ("version") VALUES ($1) RETURNING "version"[0m  [["version", "20180730200144"]]
  ↳ bin/rails:9
  [1m[35m (1.0ms)[0m  [1m[35mCOMMIT[0m
  ↳ bin/rails:9
  [1m[36mActiveRecord::InternalMetadata Load (9.6ms)[0m  [1m[34mSELECT  "ar_internal_metadata".* FROM "ar_internal_metadata" WHERE "ar_internal_metadata"."key" = $1 LIMIT $2[0m  [["key", "environment"], ["LIMIT", 1]]
  ↳ bin/rails:9
  [1m[35m (0.3ms)[0m  [1m[35mBEGIN[0m
  ↳ bin/rails:9
  [1m[36mActiveRecord::InternalMetadata Create (27.7ms)[0m  [1m[32mINSERT INTO "ar_internal_metadata" ("key", "value", "created_at", "updated_at") VALUES ($1, $2, $3, $4) RETURNING "key"[0m  [["key", "environment"], ["value", "development"], ["created_at", "2018-07-31 12:38:01.631250"], ["updated_at", "2018-07-31 12:38:01.631250"]]
  ↳ bin/rails:9
  [1m[35m (0.5ms)[0m  [1m[35mCOMMIT[0m
  ↳ bin/rails:9
  [1m[35m (0.4ms)[0m  [1m[34mSELECT pg_advisory_unlock(515298641986387035)[0m
  ↳ bin/rails:9
  [1m[35m (1.2ms)[0m  [1m[34mSELECT "schema_migrations"."version" FROM "schema_migrations" ORDER BY "schema_migrations"."version" ASC[0m
  ↳ bin/rails:9
  [1m[35m (45.8ms)[0m  [1m[35mCREATE DATABASE "rails-project-mode_development" ENCODING = 'unicode'[0m
  ↳ bin/rails:9
  [1m[35m (0.9ms)[0m  [1m[35mCREATE DATABASE "rails-project-mode_test" ENCODING = 'unicode'[0m
  ↳ bin/rails:9
  [1m[35m (0.6ms)[0m  [1m[34mSELECT pg_try_advisory_lock(515298641986387035)[0m
  ↳ bin/rails:9
  [1m[35m (90.1ms)[0m  [1m[34mSELECT "schema_migrations"."version" FROM "schema_migrations" ORDER BY "schema_migrations"."version" ASC[0m
  ↳ bin/rails:9
  [1m[36mActiveRecord::InternalMetadata Load (21.4ms)[0m  [1m[34mSELECT  "ar_internal_metadata".* FROM "ar_internal_metadata" WHERE "ar_internal_metadata"."key" = $1 LIMIT $2[0m  [["key", "environment"], ["LIMIT", 1]]
  ↳ bin/rails:9
  [1m[35m (11.8ms)[0m  [1m[35mBEGIN[0m
  ↳ bin/rails:9
  [1m[35m (13.9ms)[0m  [1m[35mCOMMIT[0m
  ↳ bin/rails:9
  [1m[35m (0.4ms)[0m  [1m[34mSELECT pg_advisory_unlock(515298641986387035)[0m
  ↳ bin/rails:9
  [1m[35m (0.4ms)[0m  [1m[34mSELECT "schema_migrations"."version" FROM "schema_migrations" ORDER BY "schema_migrations"."version" ASC[0m
  ↳ bin/rails:9
Started GET "/heroines" for 127.0.0.1 at 2018-07-31 11:37:39 -0400
Started GET "/events" for 127.0.0.1 at 2018-07-31 11:37:40 -0400
  [1m[35m (2.1ms)[0m  [1m[34mSELECT "schema_migrations"."version" FROM "schema_migrations" ORDER BY "schema_migrations"."version" ASC[0m
  ↳ /Users/marybeth/.rvm/gems/ruby-2.3.3/gems/activerecord-5.2.0/lib/active_record/log_subscriber.rb:98
  
ActionController::RoutingError (No route matches [GET] "/heroines"):
  
actionpack (5.2.0) lib/action_dispatch/middleware/debug_exceptions.rb:65:in `call'
web-console (3.6.2) lib/web_console/middleware.rb:135:in `call_app'
web-console (3.6.2) lib/web_console/middleware.rb:30:in `block in call'
web-console (3.6.2) lib/web_console/middleware.rb:20:in `catch'
web-console (3.6.2) lib/web_console/middleware.rb:20:in `call'
actionpack (5.2.0) lib/action_dispatch/middleware/show_exceptions.rb:33:in `call'
railties (5.2.0) lib/rails/rack/logger.rb:38:in `call_app'
railties (5.2.0) lib/rails/rack/logger.rb:26:in `block in call'
activesupport (5.2.0) lib/active_support/tagged_logging.rb:71:in `block in tagged'
activesupport (5.2.0) lib/active_support/tagged_logging.rb:28:in `tagged'
activesupport (5.2.0) lib/active_support/tagged_logging.rb:71:in `tagged'
railties (5.2.0) lib/rails/rack/logger.rb:26:in `call'
sprockets-rails (3.2.1) lib/sprockets/rails/quiet_assets.rb:13:in `call'
actionpack (5.2.0) lib/action_dispatch/middleware/remote_ip.rb:81:in `call'
actionpack (5.2.0) lib/action_dispatch/middleware/request_id.rb:27:in `call'
rack (2.0.5) lib/rack/method_override.rb:22:in `call'
rack (2.0.5) lib/rack/runtime.rb:22:in `call'
activesupport (5.2.0) lib/active_support/cache/strategy/local_cache_middleware.rb:29:in `call'
actionpack (5.2.0) lib/action_dispatch/middleware/executor.rb:14:in `call'
actionpack (5.2.0) lib/action_dispatch/middleware/static.rb:127:in `call'
rack (2.0.5) lib/rack/sendfile.rb:111:in `call'
railties (5.2.0) lib/rails/engine.rb:524:in `call'
puma (3.12.0) lib/puma/configuration.rb:225:in `call'
puma (3.12.0) lib/puma/server.rb:658:in `handle_request'
puma (3.12.0) lib/puma/server.rb:472:in `process_client'
puma (3.12.0) lib/puma/server.rb:332:in `block in run'
puma (3.12.0) lib/puma/thread_pool.rb:133:in `block in spawn_thread'
Started GET "/events" for 127.0.0.1 at 2018-07-31 11:37:53 -0400
  
SyntaxError (/Users/marybeth/Development/code/rails-project-mode-dumbo-web-062518/app/controllers/events_controller.rb:47: syntax error, unexpected end-of-input, expecting keyword_end):
  
SyntaxError (/Users/marybeth/Development/code/rails-project-mode-dumbo-web-062518/app/controllers/events_controller.rb:47: syntax error, unexpected end-of-input, expecting keyword_end):
  
app/controllers/events_controller.rb:47: syntax error, unexpected end-of-input, expecting keyword_end
  
app/controllers/events_controller.rb:47: syntax error, unexpected end-of-input, expecting keyword_end
Started GET "/events" for 127.0.0.1 at 2018-07-31 11:38:24 -0400
Processing by EventsController#index as HTML
  Rendering events/index.html.erb within layouts/application
  [1m[36mEvent Load (69.6ms)[0m  [1m[34mSELECT "events".* FROM "events"[0m
  ↳ app/views/events/index.html.erb:2
  Rendered events/index.html.erb within layouts/application (82.4ms)
Completed 200 OK in 1046ms (Views: 870.0ms | ActiveRecord: 78.1ms)


  [1m[35m (2.6ms)[0m  [1m[35mBEGIN[0m
  [1m[36mUser Create (187.6ms)[0m  [1m[32mINSERT INTO "users" ("first_name", "last_name", "username", "email", "avatar_path", "created_at", "updated_at") VALUES ($1, $2, $3, $4, $5, $6, $7) RETURNING "id"[0m  [["first_name", "Marlon"], ["last_name", "DuPain"], ["username", "Mdu"], ["email", "MarlonsAddress@gmail.com"], ["avatar_path", "goo.gl/5rMoch"], ["created_at", "2018-07-31 15:49:06.244495"], ["updated_at", "2018-07-31 15:49:06.244495"]]
  [1m[35m (30.3ms)[0m  [1m[35mCOMMIT[0m
  [1m[35m (0.6ms)[0m  [1m[35mBEGIN[0m
  [1m[35m (0.4ms)[0m  [1m[31mROLLBACK[0m
  [1m[35m (0.9ms)[0m  [1m[35mBEGIN[0m
  [1m[36mLocation Create (38.6ms)[0m  [1m[32mINSERT INTO "locations" ("name", "address", "description", "created_at", "updated_at") VALUES ($1, $2, $3, $4, $5) RETURNING "id"[0m  [["name", "nighthawk"], ["address", "willy b"], ["description", "hipster movie theatre"], ["created_at", "2018-07-31 15:52:49.425106"], ["updated_at", "2018-07-31 15:52:49.425106"]]
  [1m[35m (0.9ms)[0m  [1m[35mCOMMIT[0m
  [1m[35m (0.5ms)[0m  [1m[35mBEGIN[0m
  [1m[36mLocation Load (0.9ms)[0m  [1m[34mSELECT  "locations".* FROM "locations" WHERE "locations"."id" = $1 LIMIT $2[0m  [["id", 1], ["LIMIT", 1]]
  [1m[35m (0.4ms)[0m  [1m[31mROLLBACK[0m
  [1m[35m (0.5ms)[0m  [1m[35mBEGIN[0m
  [1m[36mUser Load (0.9ms)[0m  [1m[34mSELECT  "users".* FROM "users" WHERE "users"."id" = $1 LIMIT $2[0m  [["id", 1], ["LIMIT", 1]]
  [1m[36mEvent Create (43.0ms)[0m  [1m[32mINSERT INTO "events" ("owner_id", "name", "description", "location_id", "created_at", "updated_at") VALUES ($1, $2, $3, $4, $5, $6) RETURNING "id"[0m  [["owner_id", 1], ["name", "move date"], ["description", "girls night to see the latest horror film"], ["location_id", "1"], ["created_at", "2018-07-31 15:54:20.233604"], ["updated_at", "2018-07-31 15:54:20.233604"]]
  [1m[35m (1.1ms)[0m  [1m[35mCOMMIT[0m
Started GET "/events" for 127.0.0.1 at 2018-07-31 11:54:34 -0400
Processing by EventsController#index as HTML
  Rendering events/index.html.erb within layouts/application
  [1m[36mEvent Load (1.9ms)[0m  [1m[34mSELECT "events".* FROM "events"[0m
  ↳ app/views/events/index.html.erb:2
  Rendered events/index.html.erb within layouts/application (142.8ms)
Completed 200 OK in 461ms (Views: 417.1ms | ActiveRecord: 12.1ms)


  [1m[36mEvent Load (0.8ms)[0m  [1m[34mSELECT  "events".* FROM "events" ORDER BY "events"."id" DESC LIMIT $1[0m  [["LIMIT", 1]]
  [1m[36mEvent Load (0.8ms)[0m  [1m[34mSELECT  "events".* FROM "events" ORDER BY "events"."id" DESC LIMIT $1[0m  [["LIMIT", 1]]
  [1m[35m (0.3ms)[0m  [1m[35mBEGIN[0m
  [1m[36mUser Load (2.3ms)[0m  [1m[34mSELECT  "users".* FROM "users" WHERE "users"."id" = $1 LIMIT $2[0m  [["id", 1], ["LIMIT", 1]]
  [1m[36mLocation Load (0.7ms)[0m  [1m[34mSELECT  "locations".* FROM "locations" WHERE "locations"."id" = $1 LIMIT $2[0m  [["id", 1], ["LIMIT", 1]]
  [1m[36mEvent Update (31.6ms)[0m  [1m[33mUPDATE "events" SET "name" = $1, "updated_at" = $2 WHERE "events"."id" = $3[0m  [["name", "Movie Friends-Date"], ["updated_at", "2018-07-31 15:55:07.895637"], ["id", 1]]
  [1m[35m (0.5ms)[0m  [1m[35mCOMMIT[0m
Started GET "/events" for 127.0.0.1 at 2018-07-31 11:55:10 -0400
Processing by EventsController#index as HTML
  Rendering events/index.html.erb within layouts/application
  [1m[36mEvent Load (1.7ms)[0m  [1m[34mSELECT "events".* FROM "events"[0m
  ↳ app/views/events/index.html.erb:2
  Rendered events/index.html.erb within layouts/application (6.6ms)
Completed 200 OK in 76ms (Views: 67.1ms | ActiveRecord: 1.7ms)


Started GET "/events/1" for 127.0.0.1 at 2018-07-31 11:55:19 -0400
Processing by EventsController#show as HTML
  Parameters: {"id"=>"1"}
  [1m[36mEvent Load (0.6ms)[0m  [1m[34mSELECT  "events".* FROM "events" WHERE "events"."id" = $1 LIMIT $2[0m  [["id", 1], ["LIMIT", 1]]
  ↳ app/controllers/events_controller.rb:22
  Rendering events/show.html.erb within layouts/application
  Rendered events/show.html.erb within layouts/application (1.2ms)
Completed 200 OK in 171ms (Views: 43.5ms | ActiveRecord: 1.2ms)


  [1m[35m (1.8ms)[0m  [1m[35mBEGIN[0m
  [1m[36mEvent Update (2.0ms)[0m  [1m[33mUPDATE "events" SET "required_rank" = $1, "updated_at" = $2 WHERE "events"."id" = $3[0m  [["required_rank", 4], ["updated_at", "2018-07-31 16:01:21.996598"], ["id", 1]]
  [1m[35m (2.4ms)[0m  [1m[35mCOMMIT[0m
Started GET "/events/1" for 127.0.0.1 at 2018-07-31 12:12:23 -0400
Processing by EventsController#show as HTML
  Parameters: {"id"=>"1"}
  [1m[36mEvent Load (19.4ms)[0m  [1m[34mSELECT  "events".* FROM "events" WHERE "events"."id" = $1 LIMIT $2[0m  [["id", 1], ["LIMIT", 1]]
  ↳ app/controllers/events_controller.rb:22
  Rendering events/show.html.erb within layouts/application
  [1m[36mUser Load (31.0ms)[0m  [1m[34mSELECT  "users".* FROM "users" WHERE "users"."id" = $1 LIMIT $2[0m  [["id", 1], ["LIMIT", 1]]
  ↳ app/views/events/show.html.erb:2
  [1m[36mLocation Load (0.7ms)[0m  [1m[34mSELECT  "locations".* FROM "locations" WHERE "locations"."id" = $1 LIMIT $2[0m  [["id", 1], ["LIMIT", 1]]
  ↳ app/views/events/show.html.erb:3
  Rendered events/show.html.erb within layouts/application (488.4ms)
Completed 200 OK in 868ms (Views: 736.3ms | ActiveRecord: 99.8ms)


Started GET "/events/1" for 127.0.0.1 at 2018-07-31 12:12:34 -0400
Processing by EventsController#show as HTML
  Parameters: {"id"=>"1"}
  [1m[36mEvent Load (0.8ms)[0m  [1m[34mSELECT  "events".* FROM "events" WHERE "events"."id" = $1 LIMIT $2[0m  [["id", 1], ["LIMIT", 1]]
  ↳ app/controllers/events_controller.rb:22
  Rendering events/show.html.erb within layouts/application
  [1m[36mUser Load (0.6ms)[0m  [1m[34mSELECT  "users".* FROM "users" WHERE "users"."id" = $1 LIMIT $2[0m  [["id", 1], ["LIMIT", 1]]
  ↳ app/views/events/show.html.erb:2
  Rendered events/show.html.erb within layouts/application (17.9ms)
Completed 500 Internal Server Error in 45ms (ActiveRecord: 1.4ms)


  
ActionView::Template::Error (undefined method `name' for #<User:0x007fca3fd85ea8>):
    1: <ul><h1><%= @event.name %></h1>
    2: <li>Created by <%= @event.creator.name %></li>
    3: <li>Location <%= @event.location.name %></li>
    4: <li><%=  %></li>
    5: <li><%=  %></li>
  
app/views/events/show.html.erb:2:in `_app_views_events_show_html_erb__2154009307364651956_70253318689140'
Started GET "/events/1" for 127.0.0.1 at 2018-07-31 12:12:46 -0400
Processing by EventsController#show as HTML
  Parameters: {"id"=>"1"}
  [1m[36mEvent Load (0.5ms)[0m  [1m[34mSELECT  "events".* FROM "events" WHERE "events"."id" = $1 LIMIT $2[0m  [["id", 1], ["LIMIT", 1]]
  ↳ app/controllers/events_controller.rb:22
  Rendering events/show.html.erb within layouts/application
  [1m[36mUser Load (0.6ms)[0m  [1m[34mSELECT  "users".* FROM "users" WHERE "users"."id" = $1 LIMIT $2[0m  [["id", 1], ["LIMIT", 1]]
  ↳ app/views/events/show.html.erb:2
  [1m[36mLocation Load (0.5ms)[0m  [1m[34mSELECT  "locations".* FROM "locations" WHERE "locations"."id" = $1 LIMIT $2[0m  [["id", 1], ["LIMIT", 1]]
  ↳ app/views/events/show.html.erb:3
  Rendered events/show.html.erb within layouts/application (5.3ms)
Completed 200 OK in 196ms (Views: 189.1ms | ActiveRecord: 1.6ms)


  [1m[35m (0.5ms)[0m  [1m[35mBEGIN[0m
  [1m[36mUser Load (2.4ms)[0m  [1m[34mSELECT  "users".* FROM "users" WHERE "users"."id" = $1 LIMIT $2[0m  [["id", 1], ["LIMIT", 1]]
  [1m[36mLocation Load (0.8ms)[0m  [1m[34mSELECT  "locations".* FROM "locations" WHERE "locations"."id" = $1 LIMIT $2[0m  [["id", 1], ["LIMIT", 1]]
  [1m[36mEvent Create (0.9ms)[0m  [1m[32mINSERT INTO "events" ("owner_id", "name", "description", "date", "location_id", "required_rank", "created_at", "updated_at") VALUES ($1, $2, $3, $4, $5, $6, $7, $8) RETURNING "id"[0m  [["owner_id", 1], ["name", "Event 1"], ["description", "The description of this event."], ["date", "2018-07-31 16:16:09.457412"], ["location_id", "1"], ["required_rank", 1], ["created_at", "2018-07-31 16:16:09.516776"], ["updated_at", "2018-07-31 16:16:09.516776"]]
  [1m[35m (0.8ms)[0m  [1m[35mCOMMIT[0m
  [1m[36mEvent Load (1.0ms)[0m  [1m[34mSELECT  "events".* FROM "events" ORDER BY "events"."id" DESC LIMIT $1[0m  [["LIMIT", 1]]
Started GET "/events/1" for 127.0.0.1 at 2018-07-31 12:24:45 -0400
Processing by EventsController#show as HTML
  Parameters: {"id"=>"1"}
  [1m[36mEvent Load (19.7ms)[0m  [1m[34mSELECT  "events".* FROM "events" WHERE "events"."id" = $1 LIMIT $2[0m  [["id", 1], ["LIMIT", 1]]
  ↳ app/controllers/events_controller.rb:22
  Rendering events/show.html.erb within layouts/application
  Rendered events/show.html.erb within layouts/application (1.5ms)
Completed 500 Internal Server Error in 54ms (ActiveRecord: 19.7ms)


  
SyntaxError (/Users/marybeth/Development/code/rails-project-mode-dumbo-web-062518/app/views/events/show.html.erb:11: syntax error, unexpected keyword_ensure, expecting keyword_end
/Users/marybeth/Development/code/rails-project-mode-dumbo-web-062518/app/views/events/show.html.erb:13: syntax error, unexpected end-of-input, expecting keyword_end):
  
app/views/events/show.html.erb:11: syntax error, unexpected keyword_ensure, expecting keyword_end
app/views/events/show.html.erb:13: syntax error, unexpected end-of-input, expecting keyword_end
Started GET "/events/1" for 127.0.0.1 at 2018-07-31 12:24:59 -0400
Processing by EventsController#show as HTML
  Parameters: {"id"=>"1"}
  [1m[36mEvent Load (0.8ms)[0m  [1m[34mSELECT  "events".* FROM "events" WHERE "events"."id" = $1 LIMIT $2[0m  [["id", 1], ["LIMIT", 1]]
  ↳ app/controllers/events_controller.rb:22
  Rendering events/show.html.erb within layouts/application
  [1m[36mUser Load (1.2ms)[0m  [1m[34mSELECT  "users".* FROM "users" WHERE "users"."id" = $1 LIMIT $2[0m  [["id", 1], ["LIMIT", 1]]
  ↳ app/views/events/show.html.erb:2
  [1m[36mLocation Load (1.1ms)[0m  [1m[34mSELECT  "locations".* FROM "locations" WHERE "locations"."id" = $1 LIMIT $2[0m  [["id", 1], ["LIMIT", 1]]
  ↳ app/views/events/show.html.erb:3
  [1m[36mAttendee Load (54.2ms)[0m  [1m[34mSELECT "attendees".* FROM "attendees" WHERE "attendees"."event_id" = $1[0m  [["event_id", 1]]
  ↳ app/views/events/show.html.erb:7
  Rendered events/show.html.erb within layouts/application (194.2ms)
Completed 200 OK in 382ms (Views: 310.7ms | ActiveRecord: 64.7ms)


Started GET "/events/1" for 127.0.0.1 at 2018-07-31 12:26:38 -0400
Processing by EventsController#show as HTML
  Parameters: {"id"=>"1"}
  [1m[36mEvent Load (1.2ms)[0m  [1m[34mSELECT  "events".* FROM "events" WHERE "events"."id" = $1 LIMIT $2[0m  [["id", 1], ["LIMIT", 1]]
  ↳ app/controllers/events_controller.rb:22
  Rendering events/show.html.erb within layouts/application
  [1m[36mUser Load (0.9ms)[0m  [1m[34mSELECT  "users".* FROM "users" WHERE "users"."id" = $1 LIMIT $2[0m  [["id", 1], ["LIMIT", 1]]
  ↳ app/views/events/show.html.erb:2
  [1m[36mLocation Load (0.5ms)[0m  [1m[34mSELECT  "locations".* FROM "locations" WHERE "locations"."id" = $1 LIMIT $2[0m  [["id", 1], ["LIMIT", 1]]
  ↳ app/views/events/show.html.erb:3
  [1m[36mAttendee Load (0.8ms)[0m  [1m[34mSELECT "attendees".* FROM "attendees" WHERE "attendees"."event_id" = $1[0m  [["event_id", 1]]
  ↳ app/views/events/show.html.erb:7
  Rendered events/show.html.erb within layouts/application (33.8ms)
Completed 200 OK in 253ms (Views: 220.6ms | ActiveRecord: 3.4ms)


